# JRE version: OpenJDK Runtime Environment (11.0.8+10) (build 11.0.8+10-b944.6842174)
# Java VM: OpenJDK 64-Bit Server VM (11.0.8+10-b944.6842174, mixed mode, tiered, compressed oops, g1 gc, windows-amd64)
Heap:
 garbage-first heap   total 216064K, used 126416K [0x0000000080000000, 0x0000000100000000)
  region size 1024K, 9 young (9216K), 2 survivors (2048K)
 Metaspace       used 118614K, capacity 120946K, committed 121728K, reserved 1155072K
  class space    used 14416K, capacity 15244K, committed 15488K, reserved 1048576K
GC Heap History (20 events):
Event: 12774.945 GC heap before
{Heap before GC invocations=75 (full 0):
 garbage-first heap   total 216064K, used 124757K [0x0000000080000000, 0x0000000100000000)
  region size 1024K, 37 young (37888K), 2 survivors (2048K)
 Metaspace       used 114784K, capacity 117034K, committed 118912K, reserved 1153024K
  class space    used 13960K, capacity 14765K, committed 15232K, reserved 1048576K
}
Event: 12775.003 GC heap after
{Heap after GC invocations=76 (full 0):
 garbage-first heap   total 216064K, used 91351K [0x0000000080000000, 0x0000000100000000)
  region size 1024K, 4 young (4096K), 4 survivors (4096K)
 Metaspace       used 114784K, capacity 117034K, committed 118912K, reserved 1153024K
  class space    used 13960K, capacity 14765K, committed 15232K, reserved 1048576K
}
Event: 12778.769 GC heap before
{Heap before GC invocations=77 (full 0):
 garbage-first heap   total 216064K, used 124119K [0x0000000080000000, 0x0000000100000000)
  region size 1024K, 36 young (36864K), 4 survivors (4096K)
 Metaspace       used 114958K, capacity 117273K, committed 118912K, reserved 1153024K
  class space    used 13978K, capacity 14787K, committed 15232K, reserved 1048576K
}
Event: 12778.844 GC heap after
{Heap after GC invocations=78 (full 0):
 garbage-first heap   total 216064K, used 94178K [0x0000000080000000, 0x0000000100000000)
  region size 1024K, 5 young (5120K), 5 survivors (5120K)
 Metaspace       used 114958K, capacity 117273K, committed 118912K, reserved 1153024K
  class space    used 13978K, capacity 14787K, committed 15232K, reserved 1048576K
}
Event: 12780.765 GC heap before
{Heap before GC invocations=78 (full 0):
 garbage-first heap   total 216064K, used 131042K [0x0000000080000000, 0x0000000100000000)
  region size 1024K, 41 young (41984K), 5 survivors (5120K)
 Metaspace       used 115721K, capacity 118040K, committed 119168K, reserved 1153024K
  class space    used 14073K, capacity 14906K, committed 15232K, reserved 1048576K
}
Event: 12780.933 GC heap after
{Heap after GC invocations=79 (full 0):
 garbage-first heap   total 216064K, used 97703K [0x0000000080000000, 0x0000000100000000)
  region size 1024K, 6 young (6144K), 6 survivors (6144K)
 Metaspace       used 115721K, capacity 118040K, committed 119168K, reserved 1153024K
  class space    used 14073K, capacity 14906K, committed 15232K, reserved 1048576K
}
Event: 12783.217 GC heap before
{Heap before GC invocations=80 (full 0):
 garbage-first heap   total 216064K, used 118183K [0x0000000080000000, 0x0000000100000000)
  region size 1024K, 27 young (27648K), 6 survivors (6144K)
 Metaspace       used 117062K, capacity 119485K, committed 120320K, reserved 1155072K
  class space    used 14273K, capacity 15129K, committed 15360K, reserved 1048576K
}
Event: 12783.305 GC heap after
{Heap after GC invocations=81 (full 0):
 garbage-first heap   total 216064K, used 99924K [0x0000000080000000, 0x0000000100000000)
  region size 1024K, 2 young (2048K), 2 survivors (2048K)
 Metaspace       used 117062K, capacity 119485K, committed 120320K, reserved 1155072K
  class space    used 14273K, capacity 15129K, committed 15360K, reserved 1048576K
}
Event: 12786.297 GC heap before
{Heap before GC invocations=81 (full 0):
 garbage-first heap   total 216064K, used 129620K [0x0000000080000000, 0x0000000100000000)
  region size 1024K, 32 young (32768K), 2 survivors (2048K)
 Metaspace       used 117810K, capacity 120172K, committed 120960K, reserved 1155072K
  class space    used 14363K, capacity 15204K, committed 15488K, reserved 1048576K
}
Event: 12786.361 GC heap after
{Heap after GC invocations=82 (full 0):
 garbage-first heap   total 216064K, used 100830K [0x0000000080000000, 0x0000000100000000)
  region size 1024K, 3 young (3072K), 3 survivors (3072K)
 Metaspace       used 117810K, capacity 120172K, committed 120960K, reserved 1155072K
  class space    used 14363K, capacity 15204K, committed 15488K, reserved 1048576K
}
Event: 12791.086 GC heap before
{Heap before GC invocations=83 (full 0):
 garbage-first heap   total 216064K, used 131550K [0x0000000080000000, 0x0000000100000000)
  region size 1024K, 34 young (34816K), 3 survivors (3072K)
 Metaspace       used 118236K, capacity 120618K, committed 121472K, reserved 1155072K
  class space    used 14399K, capacity 15242K, committed 15488K, reserved 1048576K
}
Event: 12791.180 GC heap after
{Heap after GC invocations=84 (full 0):
 garbage-first heap   total 216064K, used 102307K [0x0000000080000000, 0x0000000100000000)
  region size 1024K, 3 young (3072K), 3 survivors (3072K)
 Metaspace       used 118236K, capacity 120618K, committed 121472K, reserved 1155072K
  class space    used 14399K, capacity 15242K, committed 15488K, reserved 1048576K
}
Event: 12796.226 GC heap before
{Heap before GC invocations=84 (full 0):
 garbage-first heap   total 216064K, used 140195K [0x0000000080000000, 0x0000000100000000)
  region size 1024K, 40 young (40960K), 3 survivors (3072K)
 Metaspace       used 118386K, capacity 120749K, committed 121472K, reserved 1155072K
  class space    used 14399K, capacity 15242K, committed 15488K, reserved 1048576K
}
Event: 12796.912 GC heap after
{Heap after GC invocations=85 (full 0):
 garbage-first heap   total 216064K, used 107591K [0x0000000080000000, 0x0000000100000000)
  region size 1024K, 5 young (5120K), 5 survivors (5120K)
 Metaspace       used 118386K, capacity 120749K, committed 121472K, reserved 1155072K
  class space    used 14399K, capacity 15242K, committed 15488K, reserved 1048576K
}
Event: 12798.536 GC heap before
{Heap before GC invocations=85 (full 0):
 garbage-first heap   total 216064K, used 132167K [0x0000000080000000, 0x0000000100000000)
  region size 1024K, 27 young (27648K), 5 survivors (5120K)
 Metaspace       used 118417K, capacity 120749K, committed 121472K, reserved 1155072K
  class space    used 14399K, capacity 15242K, committed 15488K, reserved 1048576K
}
Event: 12799.035 GC heap after
{Heap after GC invocations=86 (full 0):
 garbage-first heap   total 216064K, used 115176K [0x0000000080000000, 0x0000000100000000)
  region size 1024K, 4 young (4096K), 4 survivors (4096K)
 Metaspace       used 118417K, capacity 120749K, committed 121472K, reserved 1155072K
  class space    used 14399K, capacity 15242K, committed 15488K, reserved 1048576K
}
Event: 12800.713 GC heap before
{Heap before GC invocations=86 (full 0):
 garbage-first heap   total 216064K, used 128488K [0x0000000080000000, 0x0000000100000000)
  region size 1024K, 17 young (17408K), 4 survivors (4096K)
 Metaspace       used 118453K, capacity 120813K, committed 121472K, reserved 1155072K
  class space    used 14399K, capacity 15242K, committed 15488K, reserved 1048576K
}
Event: 12800.878 GC heap after
{Heap after GC invocations=87 (full 0):
 garbage-first heap   total 216064K, used 118464K [0x0000000080000000, 0x0000000100000000)
  region size 1024K, 3 young (3072K), 3 survivors (3072K)
 Metaspace       used 118453K, capacity 120813K, committed 121472K, reserved 1155072K
  class space    used 14399K, capacity 15242K, committed 15488K, reserved 1048576K
}
Event: 12825.748 GC heap before
{Heap before GC invocations=87 (full 0):
 garbage-first heap   total 216064K, used 130752K [0x0000000080000000, 0x0000000100000000)
  region size 1024K, 15 young (15360K), 3 survivors (3072K)
 Metaspace       used 118507K, capacity 120879K, committed 121728K, reserved 1155072K
  class space    used 14406K, capacity 15243K, committed 15488K, reserved 1048576K
}
Event: 12825.963 GC heap after
{Heap after GC invocations=88 (full 0):
 garbage-first heap   total 216064K, used 120272K [0x0000000080000000, 0x0000000100000000)
  region size 1024K, 2 young (2048K), 2 survivors (2048K)
 Metaspace       used 118507K, capacity 120879K, committed 121728K, reserved 1155072K
  class space    used 14406K, capacity 15243K, committed 15488K, reserved 1048576K
}

